<?xml version="1.0" encoding="UTF-8"?>
<testsuite name="C:/Users/Turgor/IdeaProjects/UsersTestSeleniumJ"
           tests="3"
           failures="0"
           errors="0"
           skipped="0"
           time="128,222">
    <properties></properties>



            <testcase
                name="testDoubleClick"
                time="42,739"
                classname="tests.TestButtons">
            </testcase>
            <testcase
                name="testRightClick"
                time="42,538"
                classname="tests.TestButtons">
            </testcase>
            <testcase
                name="testClick"
                time="42,945"
                classname="tests.TestButtons">
            </testcase>
</testsuite>
