<?xml version="1.0" encoding="UTF-8"?>
<testsuite name="DEMOQAtestSeleniumJ"
           tests="2"
           failures="0"
           errors="0"
           skipped="0"
           time="1,023">
    <properties></properties>



            <testcase
                name="testListClick"
                time="0,515"
                classname="tests.TestSortable">
            </testcase>
            <testcase
                name="testGridClick"
                time="0,508"
                classname="tests.TestSortable">
            </testcase>
</testsuite>
