<?xml version="1.0" encoding="UTF-8"?>
<testsuite name="C:/Users/Turgor/IdeaProjects/UsersTestSeleniumJ"
           tests="3"
           failures="0"
           errors="0"
           skipped="0"
           time="125,250">
    <properties></properties>



            <testcase
                name="TestButtonEnableAfter"
                time="42,551"
                classname="tests.TestDynamicProperties">
            </testcase>
            <testcase
                name="TestColorChange"
                time="42,476"
                classname="tests.TestDynamicProperties">
            </testcase>
            <testcase
                name="TestVisibleAfter"
                time="40,223"
                classname="tests.TestDynamicProperties">
            </testcase>
</testsuite>
