<?xml version="1.0" encoding="UTF-8"?>
<testsuite name="C:/Users/Turgor/IdeaProjects/UsersTestSeleniumJ"
           tests="2"
           failures="0"
           errors="0"
           skipped="0"
           time="83,140">
    <properties></properties>



            <testcase
                name="testDate"
                time="40,348"
                classname="tests.TestDatePicker">
            </testcase>
            <testcase
                name="testDateTime"
                time="42,792"
                classname="tests.TestDatePicker">
            </testcase>
</testsuite>
